<?xml version="1.0" encoding="UTF-8"?>
<!-- Generated by org.testng.reporters.JUnitReportReporter -->
<testsuite hostname="LAPTOP-GIDCD0H3" name="com.tsrtc.registration.testscripts.RegistrationTest" tests="2" failures="0" timestamp="24 Jul 2018 12:15:16 GMT" time="3.445" errors="0">
  <testcase name="registrationTest" time="1.630" classname="com.tsrtc.registration.testscripts.RegistrationTest"/>
  <testcase name="registrationTest" time="1.815" classname="com.tsrtc.registration.testscripts.RegistrationTest"/>
</testsuite> <!-- com.tsrtc.registration.testscripts.RegistrationTest -->
