<?xml version="1.0" encoding="UTF-8"?>
<!-- Generated by org.testng.reporters.JUnitReportReporter -->
<testsuite hostname="LAPTOP-GIDCD0H3" name="com.tsrtc.registration.testscripts.ExcelTest" tests="1" failures="0" timestamp="12 Jul 2018 06:55:54 GMT" time="97.020" errors="0">
  <testcase name="verifyExcelTest" time="97.020" classname="com.tsrtc.registration.testscripts.ExcelTest"/>
</testsuite> <!-- com.tsrtc.registration.testscripts.ExcelTest -->
